<?xml version="1.0" encoding="UTF-8" ?>
<testsuite tests="4" failures="0" name="com.insight.anomalyDetection.util.UserOperationsTest" time="0.167" errors="0" skipped="0">
  <properties>
[...]
</properties>
  <testcase classname="com.insight.anomalyDetection.util.UserOperationsTest" name="addPurchaseDuringStreaming" time="0.167"/>
  <testcase classname="com.insight.anomalyDetection.util.UserOperationsTest" name="buildInitialFriendsHistory" time="0"/>
  <testcase classname="com.insight.anomalyDetection.util.UserOperationsTest" name="addFriendDuringStreaming" time="0"/>
  <testcase classname="com.insight.anomalyDetection.util.UserOperationsTest" name="removeFriendDuringStreaming" time="0"/>
</testsuite>